#
# There is insufficient memory for the Java Runtime Environment to continue.
# Native memory allocation (malloc) failed to allocate 2786896 bytes for Chunk::new
# Possible reasons:
#   The system is out of physical RAM or swap space
#   The process is running with CompressedOops enabled, and the Java Heap may be blocking the growth of the native heap
# Possible solutions:
#   Reduce memory load on the system
#   Increase physical memory or swap space
#   Check if swap backing store is full
#   Decrease Java heap size (-Xmx/-Xms)
#   Decrease number of Java threads
#   Decrease Java thread stack sizes (-Xss)
#   Set larger code cache with -XX:ReservedCodeCacheSize=
#   JVM is running with Unscaled Compressed Oops mode in which the Java heap is
#     placed in the first 4GB address space. The Java Heap base address is the
#     maximum limit for the native heap growth. Please use -XX:HeapBaseMinAddress
#     to set the Java Heap base and to place the Java Heap above 4GB virtual address.
# This output file may be truncated or incomplete.
#
#  Out of Memory Error (t:/workspace/open/src/hotspot/share/memory/arena.cpp:197), pid=6376, tid=9540
#
# JRE version: Java(TM) SE Runtime Environment (11.0.2+7) (build 11.0.2+7-LTS)
# Java VM: Java HotSpot(TM) 64-Bit Server VM (11.0.2+7-LTS, mixed mode, tiered, compressed oops, g1 gc, windows-amd64)
# No core dump will be written. Minidumps are not enabled by default on client versions of Windows
#

---------------  S U M M A R Y ------------

Command Line: -Dfile.encoding=UTF-8 --add-modules=javafx.controls,javafx.fxml --module-path=C:\Users\jonat\OneDrive\Documents\Java Work\NetBeansProjects\HelloFX\build\classes;C:\Users\jonat\OneDrive\Documents\Java Work\JavaFX 14\javafx-sdk-14.0.2.1\lib\javafx-swt.jar;C:\Users\jonat\OneDrive\Documents\Java Work\JavaFX 14\javafx-sdk-14.0.2.1\lib\javafx.base.jar;C:\Users\jonat\OneDrive\Documents\Java Work\JavaFX 14\javafx-sdk-14.0.2.1\lib\javafx.controls.jar;C:\Users\jonat\OneDrive\Documents\Java Work\JavaFX 14\javafx-sdk-14.0.2.1\lib\javafx.fxml.jar;C:\Users\jonat\OneDrive\Documents\Java Work\JavaFX 14\javafx-sdk-14.0.2.1\lib\javafx.graphics.jar;C:\Users\jonat\OneDrive\Documents\Java Work\JavaFX 14\javafx-sdk-14.0.2.1\lib\javafx.media.jar;C:\Users\jonat\OneDrive\Documents\Java Work\JavaFX 14\javafx-sdk-14.0.2.1\lib\javafx.swing.jar;C:\Users\jonat\OneDrive\Documents\Java Work\JavaFX 14\javafx-sdk-14.0.2.1\lib\javafx.web.jar Alpha.JavaFXApplication

Host: Intel(R) Core(TM) i3-8130U CPU @ 2.20GHz, 4 cores, 7G,  Windows 10 , 64 bit Build 18362 (10.0.18362.1082)
Time: Thu Oct  8 20:28:05 2020 Pacific Daylight Time elapsed time: 24 seconds (0d 0h 0m 24s)

---------------  T H R E A D  ---------------

Current thread (0x0000027d45106800):  JavaThread "C2 CompilerThread0" daemon [_thread_in_native, id=9540, stack(0x000000e9d2c00000,0x000000e9d2d00000)]


Current CompileTask:
C2:  24388 4190   !   4       javafx.scene.CssStyleHelper::transitionToState (1021 bytes)

Stack: [0x000000e9d2c00000,0x000000e9d2d00000]
Native frames: (J=compiled Java code, j=interpreted, Vv=VM code, C=native code)
V  [jvm.dll+0x63574a]
V  [jvm.dll+0x77326f]
V  [jvm.dll+0x77491a]
V  [jvm.dll+0x774fd3]
V  [jvm.dll+0x25e418]
V  [jvm.dll+0xc2141]
V  [jvm.dll+0xc26dc]
V  [jvm.dll+0x36d7b7]
V  [jvm.dll+0x1a945f]
V  [jvm.dll+0x218352]
V  [jvm.dll+0x2173ea]
V  [jvm.dll+0x194200]
V  [jvm.dll+0x2263af]
V  [jvm.dll+0x2249b8]
V  [jvm.dll+0x738a9d]
V  [jvm.dll+0x6347f2]
C  [ucrtbase.dll+0x20e82]
C  [KERNEL32.DLL+0x17bd4]
C  [ntdll.dll+0x6ce51]


---------------  P R O C E S S  ---------------

Threads class SMR info:
_java_thread_list=0x0000027d4fb0f4a0, length=17, elements={
0x0000027d26e44000, 0x0000027d450ec000, 0x0000027d450f0000, 0x0000027d45a72800,
0x0000027d45105000, 0x0000027d45106800, 0x0000027d4510f800, 0x0000027d45117800,
0x0000027d45bd4000, 0x0000027d45e28800, 0x0000027d45cfc000, 0x0000027d46260000,
0x0000027d45cd5000, 0x0000027d46b35800, 0x0000027d46b66800, 0x0000027d46c9f000,
0x0000027d46755800
}

Java Threads: ( => current thread )
  0x0000027d26e44000 JavaThread "main" [_thread_blocked, id=8768, stack(0x000000e9d2100000,0x000000e9d2200000)]
  0x0000027d450ec000 JavaThread "Reference Handler" daemon [_thread_blocked, id=19856, stack(0x000000e9d2800000,0x000000e9d2900000)]
  0x0000027d450f0000 JavaThread "Finalizer" daemon [_thread_blocked, id=5736, stack(0x000000e9d2900000,0x000000e9d2a00000)]
  0x0000027d45a72800 JavaThread "Signal Dispatcher" daemon [_thread_blocked, id=1068, stack(0x000000e9d2a00000,0x000000e9d2b00000)]
  0x0000027d45105000 JavaThread "Attach Listener" daemon [_thread_blocked, id=6740, stack(0x000000e9d2b00000,0x000000e9d2c00000)]
=>0x0000027d45106800 JavaThread "C2 CompilerThread0" daemon [_thread_in_native, id=9540, stack(0x000000e9d2c00000,0x000000e9d2d00000)]
  0x0000027d4510f800 JavaThread "C1 CompilerThread0" daemon [_thread_blocked, id=10060, stack(0x000000e9d2d00000,0x000000e9d2e00000)]
  0x0000027d45117800 JavaThread "Sweeper thread" daemon [_thread_blocked, id=12040, stack(0x000000e9d2e00000,0x000000e9d2f00000)]
  0x0000027d45bd4000 JavaThread "Common-Cleaner" daemon [_thread_blocked, id=9552, stack(0x000000e9d2f00000,0x000000e9d3000000)]
  0x0000027d45e28800 JavaThread "Service Thread" daemon [_thread_blocked, id=19436, stack(0x000000e9d3100000,0x000000e9d3200000)]
  0x0000027d45cfc000 JavaThread "QuantumRenderer-0" daemon [_thread_blocked, id=20336, stack(0x000000e9d3300000,0x000000e9d3400000)]
  0x0000027d46260000 JavaThread "InvokeLaterDispatcher" daemon [_thread_blocked, id=9744, stack(0x000000e9d3400000,0x000000e9d3500000)]
  0x0000027d45cd5000 JavaThread "JavaFX Application Thread" [_thread_in_native, id=4308, stack(0x000000e9d3700000,0x000000e9d3800000)]
  0x0000027d46b35800 JavaThread "Thread-1" daemon [_thread_in_vm, id=14696, stack(0x000000e9d3b00000,0x000000e9d3c00000)]
  0x0000027d46b66800 JavaThread "JavaFX-Launcher" [_thread_blocked, id=18744, stack(0x000000e9d3c00000,0x000000e9d3d00000)]
  0x0000027d46c9f000 JavaThread "Prism Font Disposer" daemon [_thread_blocked, id=20612, stack(0x000000e9d4000000,0x000000e9d4100000)]
  0x0000027d46755800 JavaThread "Cleaner-0" daemon [_thread_blocked, id=20288, stack(0x000000e9d4200000,0x000000e9d4300000)]

Other Threads:
  0x0000027d450c7800 VMThread "VM Thread" [stack: 0x000000e9d2700000,0x000000e9d2800000] [id=18296]
  0x0000027d46238000 WatcherThread [stack: 0x000000e9d3200000,0x000000e9d3300000] [id=15860]
  0x0000027d26e5c800 GCTaskThread "GC Thread#0" [stack: 0x000000e9d2200000,0x000000e9d2300000] [id=16456]
  0x0000027d460b6800 GCTaskThread "GC Thread#1" [stack: 0x000000e9d3500000,0x000000e9d3600000] [id=848]
  0x0000027d460b7000 GCTaskThread "GC Thread#2" [stack: 0x000000e9d3600000,0x000000e9d3700000] [id=20576]
  0x0000027d4efcf000 GCTaskThread "GC Thread#3" [stack: 0x000000e9d4100000,0x000000e9d4200000] [id=9704]
  0x0000027d26e8c000 ConcurrentGCThread "G1 Main Marker" [stack: 0x000000e9d2300000,0x000000e9d2400000] [id=20972]
  0x0000027d26e8e800 ConcurrentGCThread "G1 Conc#0" [stack: 0x000000e9d2400000,0x000000e9d2500000] [id=16332]
  0x0000027d44f30800 ConcurrentGCThread "G1 Refine#0" [stack: 0x000000e9d2500000,0x000000e9d2600000] [id=15032]
  0x0000027d44f33000 ConcurrentGCThread "G1 Young RemSet Sampling" [stack: 0x000000e9d2600000,0x000000e9d2700000] [id=6744]

Threads with active compile tasks:
C2 CompilerThread04190   !   4       javafx.scene.CssStyleHelper::transitionToState (1021 bytes)

VM state:not at safepoint (normal execution)

VM Mutex/Monitor currently owned by a thread: None

Heap address: 0x0000000082800000, size: 2008 MB, Compressed Oops mode: 32-bit
Narrow klass base: 0x0000000000000000, Narrow klass shift: 3
Compressed class space size: 1073741824 Address: 0x0000000100000000

Heap:
 garbage-first heap   total 129024K, used 49479K [0x0000000082800000, 0x0000000100000000)
  region size 1024K, 48 young (49152K), 7 survivors (7168K)
 Metaspace       used 26906K, capacity 28038K, committed 28288K, reserved 1073152K
  class space    used 3509K, capacity 3962K, committed 3968K, reserved 1048576K
Heap Regions: E=young(eden), S=young(survivor), O=old, HS=humongous(starts), HC=humongous(continues), CS=collection set, F=free, A=archive, TAMS=top-at-mark-start (previous, next)
|   0|0x0000000082800000, 0x0000000082810000, 0x0000000082900000|  6%| O|  |TAMS 0x0000000082810000, 0x0000000082800000| Untracked 
|   1|0x0000000082900000, 0x0000000082a00000, 0x0000000082a00000|100%|HS|  |TAMS 0x0000000082900000, 0x0000000082900000| Complete 
|   2|0x0000000082a00000, 0x0000000082b00000, 0x0000000082b00000|100%|HC|  |TAMS 0x0000000082a00000, 0x0000000082a00000| Complete 
|   3|0x0000000082b00000, 0x0000000082b00000, 0x0000000082c00000|  0%| F|  |TAMS 0x0000000082b00000, 0x0000000082b00000| Untracked 
|   4|0x0000000082c00000, 0x0000000082c00000, 0x0000000082d00000|  0%| F|  |TAMS 0x0000000082c00000, 0x0000000082c00000| Untracked 
|   5|0x0000000082d00000, 0x0000000082d00000, 0x0000000082e00000|  0%| F|  |TAMS 0x0000000082d00000, 0x0000000082d00000| Untracked 
|   6|0x0000000082e00000, 0x0000000082e00000, 0x0000000082f00000|  0%| F|  |TAMS 0x0000000082e00000, 0x0000000082e00000| Untracked 
|   7|0x0000000082f00000, 0x0000000082f00000, 0x0000000083000000|  0%| F|  |TAMS 0x0000000082f00000, 0x0000000082f00000| Untracked 
|   8|0x0000000083000000, 0x0000000083000000, 0x0000000083100000|  0%| F|  |TAMS 0x0000000083000000, 0x0000000083000000| Untracked 
|   9|0x0000000083100000, 0x0000000083100000, 0x0000000083200000|  0%| F|  |TAMS 0x0000000083100000, 0x0000000083100000| Untracked 
|  10|0x0000000083200000, 0x0000000083200000, 0x0000000083300000|  0%| F|  |TAMS 0x0000000083200000, 0x0000000083200000| Untracked 
|  11|0x0000000083300000, 0x0000000083300000, 0x0000000083400000|  0%| F|  |TAMS 0x0000000083300000, 0x0000000083300000| Untracked 
|  12|0x0000000083400000, 0x0000000083400000, 0x0000000083500000|  0%| F|  |TAMS 0x0000000083400000, 0x0000000083400000| Untracked 
|  13|0x0000000083500000, 0x0000000083500000, 0x0000000083600000|  0%| F|  |TAMS 0x0000000083500000, 0x0000000083500000| Untracked 
|  14|0x0000000083600000, 0x0000000083600000, 0x0000000083700000|  0%| F|  |TAMS 0x0000000083600000, 0x0000000083600000| Untracked 
|  15|0x0000000083700000, 0x0000000083700000, 0x0000000083800000|  0%| F|  |TAMS 0x0000000083700000, 0x0000000083700000| Untracked 
|  16|0x0000000083800000, 0x0000000083800000, 0x0000000083900000|  0%| F|  |TAMS 0x0000000083800000, 0x0000000083800000| Untracked 
|  17|0x0000000083900000, 0x0000000083900000, 0x0000000083a00000|  0%| F|  |TAMS 0x0000000083900000, 0x0000000083900000| Untracked 
|  18|0x0000000083a00000, 0x0000000083a00000, 0x0000000083b00000|  0%| F|  |TAMS 0x0000000083a00000, 0x0000000083a00000| Untracked 
|  19|0x0000000083b00000, 0x0000000083b00000, 0x0000000083c00000|  0%| F|  |TAMS 0x0000000083b00000, 0x0000000083b00000| Untracked 
|  20|0x0000000083c00000, 0x0000000083c00000, 0x0000000083d00000|  0%| F|  |TAMS 0x0000000083c00000, 0x0000000083c00000| Untracked 
|  21|0x0000000083d00000, 0x0000000083d00000, 0x0000000083e00000|  0%| F|  |TAMS 0x0000000083d00000, 0x0000000083d00000| Untracked 
|  22|0x0000000083e00000, 0x0000000083e00000, 0x0000000083f00000|  0%| F|  |TAMS 0x0000000083e00000, 0x0000000083e00000| Untracked 
|  23|0x0000000083f00000, 0x0000000083f00000, 0x0000000084000000|  0%| F|  |TAMS 0x0000000083f00000, 0x0000000083f00000| Untracked 
|  24|0x0000000084000000, 0x0000000084000000, 0x0000000084100000|  0%| F|  |TAMS 0x0000000084000000, 0x0000000084000000| Untracked 
|  25|0x0000000084100000, 0x0000000084100000, 0x0000000084200000|  0%| F|  |TAMS 0x0000000084100000, 0x0000000084100000| Untracked 
|  26|0x0000000084200000, 0x0000000084200000, 0x0000000084300000|  0%| F|  |TAMS 0x0000000084200000, 0x0000000084200000| Untracked 
|  27|0x0000000084300000, 0x0000000084300000, 0x0000000084400000|  0%| F|  |TAMS 0x0000000084300000, 0x0000000084300000| Untracked 
|  28|0x0000000084400000, 0x0000000084400000, 0x0000000084500000|  0%| F|  |TAMS 0x0000000084400000, 0x0000000084400000| Untracked 
|  29|0x0000000084500000, 0x0000000084500000, 0x0000000084600000|  0%| F|  |TAMS 0x0000000084500000, 0x0000000084500000| Untracked 
|  30|0x0000000084600000, 0x0000000084600000, 0x0000000084700000|  0%| F|  |TAMS 0x0000000084600000, 0x0000000084600000| Untracked 
|  31|0x0000000084700000, 0x0000000084700000, 0x0000000084800000|  0%| F|  |TAMS 0x0000000084700000, 0x0000000084700000| Untracked 
|  32|0x0000000084800000, 0x0000000084800000, 0x0000000084900000|  0%| F|  |TAMS 0x0000000084800000, 0x0000000084800000| Untracked 
|  33|0x0000000084900000, 0x0000000084900000, 0x0000000084a00000|  0%| F|  |TAMS 0x0000000084900000, 0x0000000084900000| Untracked 
|  34|0x0000000084a00000, 0x0000000084a00000, 0x0000000084b00000|  0%| F|  |TAMS 0x0000000084a00000, 0x0000000084a00000| Untracked 
|  35|0x0000000084b00000, 0x0000000084b00000, 0x0000000084c00000|  0%| F|  |TAMS 0x0000000084b00000, 0x0000000084b00000| Untracked 
|  36|0x0000000084c00000, 0x0000000084c00000, 0x0000000084d00000|  0%| F|  |TAMS 0x0000000084c00000, 0x0000000084c00000| Untracked 
|  37|0x0000000084d00000, 0x0000000084d00000, 0x0000000084e00000|  0%| F|  |TAMS 0x0000000084d00000, 0x0000000084d00000| Untracked 
|  38|0x0000000084e00000, 0x0000000084e00000, 0x0000000084f00000|  0%| F|  |TAMS 0x0000000084e00000, 0x0000000084e00000| Untracked 
|  39|0x0000000084f00000, 0x0000000084f00000, 0x0000000085000000|  0%| F|  |TAMS 0x0000000084f00000, 0x0000000084f00000| Untracked 
|  40|0x0000000085000000, 0x0000000085000000, 0x0000000085100000|  0%| F|  |TAMS 0x0000000085000000, 0x0000000085000000| Untracked 
|  41|0x0000000085100000, 0x0000000085100000, 0x0000000085200000|  0%| F|  |TAMS 0x0000000085100000, 0x0000000085100000| Untracked 
|  42|0x0000000085200000, 0x0000000085200000, 0x0000000085300000|  0%| F|  |TAMS 0x0000000085200000, 0x0000000085200000| Untracked 
|  43|0x0000000085300000, 0x0000000085300000, 0x0000000085400000|  0%| F|  |TAMS 0x0000000085300000, 0x0000000085300000| Untracked 
|  44|0x0000000085400000, 0x0000000085400000, 0x0000000085500000|  0%| F|  |TAMS 0x0000000085400000, 0x0000000085400000| Untracked 
|  45|0x0000000085500000, 0x0000000085500000, 0x0000000085600000|  0%| F|  |TAMS 0x0000000085500000, 0x0000000085500000| Untracked 
|  46|0x0000000085600000, 0x0000000085600000, 0x0000000085700000|  0%| F|  |TAMS 0x0000000085600000, 0x0000000085600000| Untracked 
|  47|0x0000000085700000, 0x0000000085700000, 0x0000000085800000|  0%| F|  |TAMS 0x0000000085700000, 0x0000000085700000| Untracked 
|  48|0x0000000085800000, 0x0000000085800000, 0x0000000085900000|  0%| F|  |TAMS 0x0000000085800000, 0x0000000085800000| Untracked 
|  49|0x0000000085900000, 0x0000000085900000, 0x0000000085a00000|  0%| F|  |TAMS 0x0000000085900000, 0x0000000085900000| Untracked 
|  50|0x0000000085a00000, 0x0000000085a00000, 0x0000000085b00000|  0%| F|  |TAMS 0x0000000085a00000, 0x0000000085a00000| Untracked 
|  51|0x0000000085b00000, 0x0000000085b00000, 0x0000000085c00000|  0%| F|  |TAMS 0x0000000085b00000, 0x0000000085b00000| Untracked 
|  52|0x0000000085c00000, 0x0000000085c00000, 0x0000000085d00000|  0%| F|  |TAMS 0x0000000085c00000, 0x0000000085c00000| Untracked 
|  53|0x0000000085d00000, 0x0000000085d00000, 0x0000000085e00000|  0%| F|  |TAMS 0x0000000085d00000, 0x0000000085d00000| Untracked 
|  54|0x0000000085e00000, 0x0000000085e00000, 0x0000000085f00000|  0%| F|  |TAMS 0x0000000085e00000, 0x0000000085e00000| Untracked 
|  55|0x0000000085f00000, 0x0000000085f00000, 0x0000000086000000|  0%| F|  |TAMS 0x0000000085f00000, 0x0000000085f00000| Untracked 
|  56|0x0000000086000000, 0x0000000086000000, 0x0000000086100000|  0%| F|  |TAMS 0x0000000086000000, 0x0000000086000000| Untracked 
|  57|0x0000000086100000, 0x0000000086100000, 0x0000000086200000|  0%| F|  |TAMS 0x0000000086100000, 0x0000000086100000| Untracked 
|  58|0x0000000086200000, 0x0000000086200000, 0x0000000086300000|  0%| F|  |TAMS 0x0000000086200000, 0x0000000086200000| Untracked 
|  59|0x0000000086300000, 0x0000000086300000, 0x0000000086400000|  0%| F|  |TAMS 0x0000000086300000, 0x0000000086300000| Untracked 
|  60|0x0000000086400000, 0x0000000086400000, 0x0000000086500000|  0%| F|  |TAMS 0x0000000086400000, 0x0000000086400000| Untracked 
|  61|0x0000000086500000, 0x0000000086500000, 0x0000000086600000|  0%| F|  |TAMS 0x0000000086500000, 0x0000000086500000| Untracked 
|  62|0x0000000086600000, 0x0000000086600000, 0x0000000086700000|  0%| F|  |TAMS 0x0000000086600000, 0x0000000086600000| Untracked 
|  63|0x0000000086700000, 0x0000000086700000, 0x0000000086800000|  0%| F|  |TAMS 0x0000000086700000, 0x0000000086700000| Untracked 
|  64|0x0000000086800000, 0x0000000086800000, 0x0000000086900000|  0%| F|  |TAMS 0x0000000086800000, 0x0000000086800000| Untracked 
|  65|0x0000000086900000, 0x0000000086900000, 0x0000000086a00000|  0%| F|  |TAMS 0x0000000086900000, 0x0000000086900000| Untracked 
|  66|0x0000000086a00000, 0x0000000086a00000, 0x0000000086b00000|  0%| F|  |TAMS 0x0000000086a00000, 0x0000000086a00000| Untracked 
|  67|0x0000000086b00000, 0x0000000086b00000, 0x0000000086c00000|  0%| F|  |TAMS 0x0000000086b00000, 0x0000000086b00000| Untracked 
|  68|0x0000000086c00000, 0x0000000086c00000, 0x0000000086d00000|  0%| F|  |TAMS 0x0000000086c00000, 0x0000000086c00000| Untracked 
|  69|0x0000000086d00000, 0x0000000086d00000, 0x0000000086e00000|  0%| F|  |TAMS 0x0000000086d00000, 0x0000000086d00000| Untracked 
|  70|0x0000000086e00000, 0x0000000086e00000, 0x0000000086f00000|  0%| F|  |TAMS 0x0000000086e00000, 0x0000000086e00000| Untracked 
|  71|0x0000000086f00000, 0x0000000086f00000, 0x0000000087000000|  0%| F|  |TAMS 0x0000000086f00000, 0x0000000086f00000| Untracked 
|  72|0x0000000087000000, 0x0000000087000000, 0x0000000087100000|  0%| F|  |TAMS 0x0000000087000000, 0x0000000087000000| Untracked 
|  73|0x0000000087100000, 0x0000000087100000, 0x0000000087200000|  0%| F|  |TAMS 0x0000000087100000, 0x0000000087100000| Untracked 
|  74|0x0000000087200000, 0x0000000087200000, 0x0000000087300000|  0%| F|  |TAMS 0x0000000087200000, 0x0000000087200000| Untracked 
|  75|0x0000000087300000, 0x0000000087300000, 0x0000000087400000|  0%| F|  |TAMS 0x0000000087300000, 0x0000000087300000| Untracked 
|  76|0x0000000087400000, 0x0000000087400000, 0x0000000087500000|  0%| F|  |TAMS 0x0000000087400000, 0x0000000087400000| Untracked 
|  77|0x0000000087500000, 0x0000000087500000, 0x0000000087600000|  0%| F|  |TAMS 0x0000000087500000, 0x0000000087500000| Untracked 
|  78|0x0000000087600000, 0x00000000876fb468, 0x0000000087700000| 98%| E|  |TAMS 0x0000000087600000, 0x0000000087600000| Complete 
|  79|0x0000000087700000, 0x0000000087741ce0, 0x0000000087800000| 25%| S|CS|TAMS 0x0000000087700000, 0x0000000087700000| Complete 
|  80|0x0000000087800000, 0x0000000087900000, 0x0000000087900000|100%| S|CS|TAMS 0x0000000087800000, 0x0000000087800000| Complete 
|  81|0x0000000087900000, 0x0000000087a00000, 0x0000000087a00000|100%| S|CS|TAMS 0x0000000087900000, 0x0000000087900000| Complete 
|  82|0x0000000087a00000, 0x0000000087b00000, 0x0000000087b00000|100%| S|CS|TAMS 0x0000000087a00000, 0x0000000087a00000| Complete 
|  83|0x0000000087b00000, 0x0000000087c00000, 0x0000000087c00000|100%| S|CS|TAMS 0x0000000087b00000, 0x0000000087b00000| Complete 
|  84|0x0000000087c00000, 0x0000000087d00000, 0x0000000087d00000|100%| S|CS|TAMS 0x0000000087c00000, 0x0000000087c00000| Complete 
|  85|0x0000000087d00000, 0x0000000087e00000, 0x0000000087e00000|100%| S|CS|TAMS 0x0000000087d00000, 0x0000000087d00000| Complete 
|  86|0x0000000087e00000, 0x0000000087f00000, 0x0000000087f00000|100%| E|CS|TAMS 0x0000000087e00000, 0x0000000087e00000| Complete 
|  87|0x0000000087f00000, 0x0000000088000000, 0x0000000088000000|100%| E|CS|TAMS 0x0000000087f00000, 0x0000000087f00000| Complete 
|  88|0x0000000088000000, 0x0000000088100000, 0x0000000088100000|100%| E|CS|TAMS 0x0000000088000000, 0x0000000088000000| Complete 
|  89|0x0000000088100000, 0x0000000088200000, 0x0000000088200000|100%| E|CS|TAMS 0x0000000088100000, 0x0000000088100000| Complete 
|  90|0x0000000088200000, 0x0000000088300000, 0x0000000088300000|100%| E|CS|TAMS 0x0000000088200000, 0x0000000088200000| Complete 
|  91|0x0000000088300000, 0x0000000088400000, 0x0000000088400000|100%| E|CS|TAMS 0x0000000088300000, 0x0000000088300000| Complete 
|  92|0x0000000088400000, 0x0000000088500000, 0x0000000088500000|100%| E|CS|TAMS 0x0000000088400000, 0x0000000088400000| Complete 
|  93|0x0000000088500000, 0x0000000088600000, 0x0000000088600000|100%| E|CS|TAMS 0x0000000088500000, 0x0000000088500000| Complete 
|  94|0x0000000088600000, 0x0000000088700000, 0x0000000088700000|100%| E|CS|TAMS 0x0000000088600000, 0x0000000088600000| Complete 
|  95|0x0000000088700000, 0x0000000088800000, 0x0000000088800000|100%| E|CS|TAMS 0x0000000088700000, 0x0000000088700000| Complete 
|  96|0x0000000088800000, 0x0000000088900000, 0x0000000088900000|100%| E|CS|TAMS 0x0000000088800000, 0x0000000088800000| Complete 
|  97|0x0000000088900000, 0x0000000088a00000, 0x0000000088a00000|100%| E|CS|TAMS 0x0000000088900000, 0x0000000088900000| Complete 
|  98|0x0000000088a00000, 0x0000000088b00000, 0x0000000088b00000|100%| E|CS|TAMS 0x0000000088a00000, 0x0000000088a00000| Complete 
|  99|0x0000000088b00000, 0x0000000088c00000, 0x0000000088c00000|100%| E|CS|TAMS 0x0000000088b00000, 0x0000000088b00000| Complete 
| 100|0x0000000088c00000, 0x0000000088d00000, 0x0000000088d00000|100%| E|CS|TAMS 0x0000000088c00000, 0x0000000088c00000| Complete 
| 101|0x0000000088d00000, 0x0000000088e00000, 0x0000000088e00000|100%| E|CS|TAMS 0x0000000088d00000, 0x0000000088d00000| Complete 
| 102|0x0000000088e00000, 0x0000000088f00000, 0x0000000088f00000|100%| E|CS|TAMS 0x0000000088e00000, 0x0000000088e00000| Complete 
| 103|0x0000000088f00000, 0x0000000089000000, 0x0000000089000000|100%| E|CS|TAMS 0x0000000088f00000, 0x0000000088f00000| Complete 
| 104|0x0000000089000000, 0x0000000089100000, 0x0000000089100000|100%| E|CS|TAMS 0x0000000089000000, 0x0000000089000000| Complete 
| 105|0x0000000089100000, 0x0000000089200000, 0x0000000089200000|100%| E|CS|TAMS 0x0000000089100000, 0x0000000089100000| Complete 
| 106|0x0000000089200000, 0x0000000089300000, 0x0000000089300000|100%| E|CS|TAMS 0x0000000089200000, 0x0000000089200000| Complete 
| 107|0x0000000089300000, 0x0000000089400000, 0x0000000089400000|100%| E|CS|TAMS 0x0000000089300000, 0x0000000089300000| Complete 
| 108|0x0000000089400000, 0x0000000089500000, 0x0000000089500000|100%| E|CS|TAMS 0x0000000089400000, 0x0000000089400000| Complete 
| 109|0x0000000089500000, 0x0000000089600000, 0x0000000089600000|100%| E|CS|TAMS 0x0000000089500000, 0x0000000089500000| Complete 
| 110|0x0000000089600000, 0x0000000089700000, 0x0000000089700000|100%| E|CS|TAMS 0x0000000089600000, 0x0000000089600000| Complete 
| 111|0x0000000089700000, 0x0000000089800000, 0x0000000089800000|100%| E|CS|TAMS 0x0000000089700000, 0x0000000089700000| Complete 
| 112|0x0000000089800000, 0x0000000089900000, 0x0000000089900000|100%| E|CS|TAMS 0x0000000089800000, 0x0000000089800000| Complete 
| 113|0x0000000089900000, 0x0000000089a00000, 0x0000000089a00000|100%| E|CS|TAMS 0x0000000089900000, 0x0000000089900000| Complete 
| 114|0x0000000089a00000, 0x0000000089b00000, 0x0000000089b00000|100%| E|CS|TAMS 0x0000000089a00000, 0x0000000089a00000| Complete 
| 115|0x0000000089b00000, 0x0000000089c00000, 0x0000000089c00000|100%| E|CS|TAMS 0x0000000089b00000, 0x0000000089b00000| Complete 
| 116|0x0000000089c00000, 0x0000000089d00000, 0x0000000089d00000|100%| E|CS|TAMS 0x0000000089c00000, 0x0000000089c00000| Complete 
| 117|0x0000000089d00000, 0x0000000089e00000, 0x0000000089e00000|100%| E|CS|TAMS 0x0000000089d00000, 0x0000000089d00000| Complete 
| 118|0x0000000089e00000, 0x0000000089f00000, 0x0000000089f00000|100%| E|CS|TAMS 0x0000000089e00000, 0x0000000089e00000| Complete 
| 119|0x0000000089f00000, 0x000000008a000000, 0x000000008a000000|100%| E|CS|TAMS 0x0000000089f00000, 0x0000000089f00000| Complete 
| 120|0x000000008a000000, 0x000000008a100000, 0x000000008a100000|100%| E|CS|TAMS 0x000000008a000000, 0x000000008a000000| Complete 
| 121|0x000000008a100000, 0x000000008a200000, 0x000000008a200000|100%| E|CS|TAMS 0x000000008a100000, 0x000000008a100000| Complete 
| 122|0x000000008a200000, 0x000000008a300000, 0x000000008a300000|100%| E|CS|TAMS 0x000000008a200000, 0x000000008a200000| Complete 
| 123|0x000000008a300000, 0x000000008a400000, 0x000000008a400000|100%| E|CS|TAMS 0x000000008a300000, 0x000000008a300000| Complete 
| 124|0x000000008a400000, 0x000000008a500000, 0x000000008a500000|100%| E|CS|TAMS 0x000000008a400000, 0x000000008a400000| Complete 
| 125|0x000000008a500000, 0x000000008a600000, 0x000000008a600000|100%| E|CS|TAMS 0x000000008a500000, 0x000000008a500000| Complete 

Card table byte_map: [0x0000027d3e560000,0x0000027d3e950000] _byte_map_base: 0x0000027d3e14c000

Marking Bits (Prev, Next): (CMBitMap*) 0x0000027d26e839a0, (CMBitMap*) 0x0000027d26e83968
 Prev Bits: [0x0000027d40ca0000, 0x0000027d42c00000)
 Next Bits: [0x0000027d3ed40000, 0x0000027d40ca0000)

Polling page: 0x0000027d24e20000

Metaspace:

Usage:
  Non-class:     23.51 MB capacity,    22.85 MB ( 97%) used,   550.24 KB (  2%) free+waste,   128.31 KB ( <1%) overhead. 
      Class:      3.87 MB capacity,     3.43 MB ( 89%) used,   388.55 KB ( 10%) free+waste,    64.19 KB (  2%) overhead. 
       Both:     27.38 MB capacity,    26.28 MB ( 96%) used,   938.79 KB (  3%) free+waste,   192.50 KB ( <1%) overhead. 

Virtual space:
  Non-class space:       24.00 MB reserved,      23.75 MB ( 99%) committed 
      Class space:        1.00 GB reserved,       3.88 MB ( <1%) committed 
             Both:        1.02 GB reserved,      27.63 MB (  3%) committed 

Chunk freelists:
   Non-Class:  6.50 KB
       Class:  768 bytes
        Both:  7.25 KB

CodeHeap 'non-profiled nmethods': size=120064Kb used=1847Kb max_used=1847Kb free=118216Kb
 bounds [0x0000027d36c30000, 0x0000027d36ea0000, 0x0000027d3e170000]
CodeHeap 'profiled nmethods': size=120000Kb used=9369Kb max_used=9369Kb free=110631Kb
 bounds [0x0000027d2f700000, 0x0000027d30030000, 0x0000027d36c30000]
CodeHeap 'non-nmethods': size=5696Kb used=1352Kb max_used=1420Kb free=4343Kb
 bounds [0x0000027d2f170000, 0x0000027d2f3e0000, 0x0000027d2f700000]
 total_blobs=5736 nmethods=4190 adapters=693
 compilation: enabled
              stopped_count=0, restarted_count=0
 full_count=0

Compilation events (10 events):
Event: 24.019 Thread 0x0000027d4510f800 4197       3       javafx.scene.layout.Region::layoutInArea (28 bytes)
Event: 24.019 Thread 0x0000027d4510f800 nmethod 4197 0x0000027d2fff2b90 code [0x0000027d2fff2d40, 0x0000027d2fff2f10]
Event: 24.026 Thread 0x0000027d4510f800 4198       3       javafx.scene.layout.GridPane::computeGridMetrics (967 bytes)
Event: 24.036 Thread 0x0000027d4510f800 nmethod 4198 0x0000027d2fff3010 code [0x0000027d2fff3ba0, 0x0000027d2fffc0b0]
Event: 24.037 Thread 0x0000027d4510f800 4199       3       javafx.scene.layout.Region::computeChildPrefAreaHeight (273 bytes)
Event: 24.043 Thread 0x0000027d4510f800 nmethod 4199 0x0000027d2fffe410 code [0x0000027d2fffed20, 0x0000027d30003740]
Event: 24.043 Thread 0x0000027d4510f800 4200       3       javafx.scene.control.skin.LabeledSkinBase::layoutLabelInArea (1642 bytes)
Event: 24.073 Thread 0x0000027d4510f800 nmethod 4200 0x0000027d30004e90 code [0x0000027d30007060, 0x0000027d3001dec0]
Event: 24.073 Thread 0x0000027d4510f800 4201       1       com.sun.prism.d3d.D3DRTTexture::setOpaque (6 bytes)
Event: 24.073 Thread 0x0000027d4510f800 nmethod 4201 0x0000027d36dfdc10 code [0x0000027d36dfddc0, 0x0000027d36dfded8]

GC Heap History (4 events):
Event: 0.474 GC heap before
{Heap before GC invocations=0 (full 0):
 garbage-first heap   total 129024K, used 14336K [0x0000000082800000, 0x0000000100000000)
  region size 1024K, 14 young (14336K), 0 survivors (0K)
 Metaspace       used 9208K, capacity 9507K, committed 9856K, reserved 1058816K
  class space    used 914K, capacity 1032K, committed 1152K, reserved 1048576K
}
Event: 0.478 GC heap after
{Heap after GC invocations=1 (full 0):
 garbage-first heap   total 129024K, used 2112K [0x0000000082800000, 0x0000000100000000)
  region size 1024K, 2 young (2048K), 2 survivors (2048K)
 Metaspace       used 9208K, capacity 9507K, committed 9856K, reserved 1058816K
  class space    used 914K, capacity 1032K, committed 1152K, reserved 1048576K
}
Event: 1.292 GC heap before
{Heap before GC invocations=1 (full 0):
 garbage-first heap   total 129024K, used 38976K [0x0000000082800000, 0x0000000100000000)
  region size 1024K, 40 young (40960K), 2 survivors (2048K)
 Metaspace       used 20394K, capacity 21095K, committed 21248K, reserved 1067008K
  class space    used 2651K, capacity 2972K, committed 3072K, reserved 1048576K
}
Event: 1.305 GC heap after
{Heap after GC invocations=2 (full 0):
 garbage-first heap   total 129024K, used 6471K [0x0000000082800000, 0x0000000100000000)
  region size 1024K, 7 young (7168K), 7 survivors (7168K)
 Metaspace       used 20394K, capacity 21095K, committed 21248K, reserved 1067008K
  class space    used 2651K, capacity 2972K, committed 3072K, reserved 1048576K
}

Deoptimization events (10 events):
Event: 17.583 Thread 0x0000027d45cd5000 Uncommon trap: reason=speculate_class_check action=maybe_recompile pc=0x0000027d36d22ba8 method=java.util.zip.InflaterInputStream.read([BII)I @ 100 c2
Event: 17.595 Thread 0x0000027d45cd5000 Uncommon trap: reason=unstable_if action=reinterpret pc=0x0000027d36d85584 method=java.util.HashMap.removeNode(ILjava/lang/Object;Ljava/lang/Object;ZZ)Ljava/util/HashMap$Node; @ 46 c2
Event: 22.569 Thread 0x0000027d45cd5000 Uncommon trap: reason=profile_predicate action=maybe_recompile pc=0x0000027d36ddbf64 method=javafx.scene.CssStyleHelper.transitionToState(Ljavafx/scene/Node;)V @ 286 c2
Event: 22.808 Thread 0x0000027d45cd5000 Uncommon trap: reason=profile_predicate action=maybe_recompile pc=0x0000027d36ddbf64 method=javafx.scene.CssStyleHelper.transitionToState(Ljavafx/scene/Node;)V @ 286 c2
Event: 22.809 Thread 0x0000027d45cd5000 Uncommon trap: reason=profile_predicate action=maybe_recompile pc=0x0000027d36ddbf64 method=javafx.scene.CssStyleHelper.transitionToState(Ljavafx/scene/Node;)V @ 286 c2
Event: 22.888 Thread 0x0000027d45cd5000 Uncommon trap: reason=profile_predicate action=maybe_recompile pc=0x0000027d36ddbf64 method=javafx.scene.CssStyleHelper.transitionToState(Ljavafx/scene/Node;)V @ 286 c2
Event: 24.013 Thread 0x0000027d45cd5000 Uncommon trap: reason=profile_predicate action=maybe_recompile pc=0x0000027d36dfd810 method=javafx.css.CompoundSelector.applies(Ljavafx/css/Styleable;[Ljava/util/Set;I)Z @ 89 c2
Event: 24.013 Thread 0x0000027d45cd5000 Uncommon trap: reason=profile_predicate action=maybe_recompile pc=0x0000027d36dfd810 method=javafx.css.CompoundSelector.applies(Ljavafx/css/Styleable;[Ljava/util/Set;I)Z @ 89 c2
Event: 24.014 Thread 0x0000027d45cd5000 Uncommon trap: reason=profile_predicate action=maybe_recompile pc=0x0000027d36dfd810 method=javafx.css.CompoundSelector.applies(Ljavafx/css/Styleable;[Ljava/util/Set;I)Z @ 89 c2
Event: 24.014 Thread 0x0000027d45cd5000 Uncommon trap: reason=profile_predicate action=maybe_recompile pc=0x0000027d36dfd810 method=javafx.css.CompoundSelector.applies(Ljavafx/css/Styleable;[Ljava/util/Set;I)Z @ 89 c2

Classes redefined (0 events):
No events

Internal exceptions (10 events):
Event: 1.341 Thread 0x0000027d45cd5000 Exception <a 'java/lang/NoSuchMethodError'{0x000000008a30ab20}: java.lang.invoke.DirectMethodHandle$Holder.invokeSpecial(Ljava/lang/Object;Ljava/lang/Object;Ljava/lang/Object;Ljava/lang/Object;Ljava/lang/Object;Ljava/lang/Object;)V> (0x000000008a30ab20) t
Event: 1.671 Thread 0x0000027d45cfc000 Exception <a 'java/lang/NoSuchMethodError'{0x0000000089816f28}: java.lang.invoke.DirectMethodHandle$Holder.invokeStaticInit(Ljava/lang/Object;Ljava/lang/Object;)I> (0x0000000089816f28) thrown at [t:/workspace/open/src/hotspot/share/interpreter/linkResolve
Event: 1.797 Thread 0x0000027d45cfc000 Exception <a 'java/lang/NoSuchMethodError'{0x00000000895aa160}: java.lang.invoke.DirectMethodHandle$Holder.invokeStaticInit(Ljava/lang/Object;I)Ljava/lang/Object;> (0x00000000895aa160) thrown at [t:/workspace/open/src/hotspot/share/interpreter/linkResolve
Event: 11.900 Thread 0x0000027d45cd5000 Exception <a 'java/lang/NoSuchMethodError'{0x000000008933b000}: java.lang.invoke.DirectMethodHandle$Holder.invokeVirtual(Ljava/lang/Object;Ljava/lang/Object;)I> (0x000000008933b000) thrown at [t:/workspace/open/src/hotspot/share/interpreter/linkResolver.c
Event: 11.902 Thread 0x0000027d45cd5000 Exception <a 'java/lang/NoSuchMethodError'{0x0000000089340d40}: java.lang.invoke.DirectMethodHandle$Holder.invokeVirtual(Ljava/lang/Object;Ljava/lang/Object;I)V> (0x0000000089340d40) thrown at [t:/workspace/open/src/hotspot/share/interpreter/linkResolver.
Event: 11.910 Thread 0x0000027d45cd5000 Exception <a 'java/lang/NoSuchMethodError'{0x0000000089372968}: java.lang.invoke.DirectMethodHandle$Holder.invokeStaticInit(Ljava/lang/Object;Ljava/lang/Object;Ljava/lang/Object;)J> (0x0000000089372968) thrown at [t:/workspace/open/src/hotspot/share/inter
Event: 11.913 Thread 0x0000027d45cd5000 Exception <a 'java/lang/NoSuchMethodError'{0x000000008938b1e8}: java.lang.invoke.DirectMethodHandle$Holder.invokeStatic(Ljava/lang/Object;Ljava/lang/Object;J)Ljava/lang/Object;> (0x000000008938b1e8) thrown at [t:/workspace/open/src/hotspot/share/interpret
Event: 11.913 Thread 0x0000027d45cd5000 Exception <a 'java/lang/NoSuchMethodError'{0x0000000089391360}: java.lang.invoke.Invokers$Holder.linkToTargetMethod(Ljava/lang/Object;JLjava/lang/Object;)Ljava/lang/Object;> (0x0000000089391360) thrown at [t:/workspace/open/src/hotspot/share/interpreter/l
Event: 12.717 Thread 0x0000027d45cd5000 Implicit null exception at 0x0000027d36d579b4 to 0x0000027d36d59df2
Event: 12.853 Thread 0x0000027d45cd5000 Implicit null exception at 0x0000027d36d5d458 to 0x0000027d36d615e6

Events (10 events):
Event: 24.013 Thread 0x0000027d45cd5000 DEOPT PACKING pc=0x0000027d36dfd810 sp=0x000000e9d37f9a90
Event: 24.013 Thread 0x0000027d45cd5000 DEOPT UNPACKING pc=0x0000027d2f198f2f sp=0x000000e9d37f9a20 mode 2
Event: 24.014 Thread 0x0000027d45cd5000 Uncommon trap: trap_request=0xffffffbe fr.pc=0x0000027d36dfd810 relative=0x0000000000000330
Event: 24.014 Thread 0x0000027d45cd5000 DEOPT PACKING pc=0x0000027d36dfd810 sp=0x000000e9d37f92a0
Event: 24.014 Thread 0x0000027d45cd5000 DEOPT UNPACKING pc=0x0000027d2f198f2f sp=0x000000e9d37f9230 mode 2
Event: 24.014 Thread 0x0000027d45cd5000 Uncommon trap: trap_request=0xffffffbe fr.pc=0x0000027d36dfd810 relative=0x0000000000000330
Event: 24.014 Thread 0x0000027d45cd5000 DEOPT PACKING pc=0x0000027d36dfd810 sp=0x000000e9d37f9a10
Event: 24.014 Thread 0x0000027d45cd5000 DEOPT UNPACKING pc=0x0000027d2f198f2f sp=0x000000e9d37f99a0 mode 2
Event: 24.035 Executing VM operation: RevokeBias
Event: 24.036 Executing VM operation: RevokeBias done


Dynamic libraries:
0x00007ff7066e0000 - 0x00007ff706727000 	C:\Program Files\Java\jdk-11.0.2\bin\java.exe
0x00007ffb73d60000 - 0x00007ffb73f50000 	C:\WINDOWS\SYSTEM32\ntdll.dll
0x00007ffb72b40000 - 0x00007ffb72bf2000 	C:\WINDOWS\System32\KERNEL32.DLL
0x00007ffb711b0000 - 0x00007ffb71455000 	C:\WINDOWS\System32\KERNELBASE.dll
0x00007ffb73ad0000 - 0x00007ffb73b73000 	C:\WINDOWS\System32\ADVAPI32.dll
0x00007ffb721e0000 - 0x00007ffb7227e000 	C:\WINDOWS\System32\msvcrt.dll
0x00007ffb72750000 - 0x00007ffb727e7000 	C:\WINDOWS\System32\sechost.dll
0x00007ffb73640000 - 0x00007ffb73760000 	C:\WINDOWS\System32\RPCRT4.dll
0x00007ffb738a0000 - 0x00007ffb73a35000 	C:\WINDOWS\System32\USER32.dll
0x00007ffb71180000 - 0x00007ffb711a1000 	C:\WINDOWS\System32\win32u.dll
0x00007ffb73a40000 - 0x00007ffb73a66000 	C:\WINDOWS\System32\GDI32.dll
0x00007ffb70e10000 - 0x00007ffb70fa6000 	C:\WINDOWS\System32\gdi32full.dll
0x00007ffb70cf0000 - 0x00007ffb70d8e000 	C:\WINDOWS\System32\msvcp_win.dll
0x00007ffb71460000 - 0x00007ffb7155a000 	C:\WINDOWS\System32\ucrtbase.dll
0x00007ffb59650000 - 0x00007ffb598d4000 	C:\WINDOWS\WinSxS\amd64_microsoft.windows.common-controls_6595b64144ccf1df_6.0.18362.1082_none_9e8193e1e45b25c1\COMCTL32.dll
0x00007ffb6e1f0000 - 0x00007ffb6e1fa000 	C:\WINDOWS\SYSTEM32\VERSION.dll
0x00007ffb71e10000 - 0x00007ffb72145000 	C:\WINDOWS\System32\combase.dll
0x00007ffb70d90000 - 0x00007ffb70e10000 	C:\WINDOWS\System32\bcryptPrimitives.dll
0x00007ffb727f0000 - 0x00007ffb7281e000 	C:\WINDOWS\System32\IMM32.DLL
0x00007ffb65e10000 - 0x00007ffb65e26000 	C:\Program Files\Java\jdk-11.0.2\bin\vcruntime140.dll
0x00007ffb40660000 - 0x00007ffb4070a000 	C:\Program Files\Java\jdk-11.0.2\bin\msvcp140.dll
0x00007ffb344e0000 - 0x00007ffb35007000 	C:\Program Files\Java\jdk-11.0.2\bin\server\jvm.dll
0x00007ffb73d10000 - 0x00007ffb73d18000 	C:\WINDOWS\System32\PSAPI.DLL
0x00007ffb6d2c0000 - 0x00007ffb6d2e4000 	C:\WINDOWS\SYSTEM32\WINMM.dll
0x00007ffb6bee0000 - 0x00007ffb6bee9000 	C:\WINDOWS\SYSTEM32\WSOCK32.dll
0x00007ffb73470000 - 0x00007ffb734df000 	C:\WINDOWS\System32\WS2_32.dll
0x00007ffb6ca60000 - 0x00007ffb6ca8d000 	C:\WINDOWS\SYSTEM32\winmmbase.dll
0x00007ffb71590000 - 0x00007ffb715da000 	C:\WINDOWS\System32\cfgmgr32.dll
0x00007ffb70ca0000 - 0x00007ffb70cb1000 	C:\WINDOWS\System32\kernel.appcore.dll
0x00007ffb619d0000 - 0x00007ffb619e1000 	C:\Program Files\Java\jdk-11.0.2\bin\verify.dll
0x00007ffb6f890000 - 0x00007ffb6fa84000 	C:\WINDOWS\SYSTEM32\DBGHELP.DLL
0x00007ffb5ecf0000 - 0x00007ffb5ed1a000 	C:\WINDOWS\SYSTEM32\dbgcore.DLL
0x00007ffb61070000 - 0x00007ffb61099000 	C:\Program Files\Java\jdk-11.0.2\bin\java.dll
0x00007ffb60f60000 - 0x00007ffb60f76000 	C:\Program Files\Java\jdk-11.0.2\bin\zip.dll
0x00007ffb6e0d0000 - 0x00007ffb6e0da000 	C:\Program Files\Java\jdk-11.0.2\bin\jimage.dll
0x00007ffb72cb0000 - 0x00007ffb73397000 	C:\WINDOWS\System32\SHELL32.dll
0x00007ffb73c60000 - 0x00007ffb73d09000 	C:\WINDOWS\System32\shcore.dll
0x00007ffb715e0000 - 0x00007ffb71d60000 	C:\WINDOWS\System32\windows.storage.dll
0x00007ffb70cc0000 - 0x00007ffb70ce3000 	C:\WINDOWS\System32\profapi.dll
0x00007ffb70c50000 - 0x00007ffb70c9a000 	C:\WINDOWS\System32\powrprof.dll
0x00007ffb70c20000 - 0x00007ffb70c30000 	C:\WINDOWS\System32\UMPDC.dll
0x00007ffb73b80000 - 0x00007ffb73bd2000 	C:\WINDOWS\System32\shlwapi.dll
0x00007ffb71010000 - 0x00007ffb71027000 	C:\WINDOWS\System32\cryptsp.dll
0x00007ffb60ee0000 - 0x00007ffb60ef9000 	C:\Program Files\Java\jdk-11.0.2\bin\net.dll
0x00007ffb68a90000 - 0x00007ffb68c66000 	C:\WINDOWS\SYSTEM32\urlmon.dll
0x00007ffb669f0000 - 0x00007ffb66ae0000 	C:\WINDOWS\SYSTEM32\WINHTTP.dll
0x00007ffb663b0000 - 0x00007ffb66656000 	C:\WINDOWS\SYSTEM32\iertutil.dll
0x00007ffb705e0000 - 0x00007ffb705ec000 	C:\WINDOWS\SYSTEM32\CRYPTBASE.DLL
0x00007ffb70410000 - 0x00007ffb70477000 	C:\WINDOWS\system32\mswsock.dll
0x00007ffb60750000 - 0x00007ffb60763000 	C:\Program Files\Java\jdk-11.0.2\bin\nio.dll
0x0000027d24e60000 - 0x0000027d24e63000 	C:\Users\jonat\OneDrive\Documents\Java Work\JavaFX 14\javafx-sdk-14.0.2.1\bin\api-ms-win-core-console-l1-1-0.dll
0x0000027d26da0000 - 0x0000027d26da3000 	C:\Users\jonat\OneDrive\Documents\Java Work\JavaFX 14\javafx-sdk-14.0.2.1\bin\api-ms-win-core-datetime-l1-1-0.dll
0x0000027d26db0000 - 0x0000027d26db3000 	C:\Users\jonat\OneDrive\Documents\Java Work\JavaFX 14\javafx-sdk-14.0.2.1\bin\api-ms-win-core-debug-l1-1-0.dll
0x0000027d26dc0000 - 0x0000027d26dc3000 	C:\Users\jonat\OneDrive\Documents\Java Work\JavaFX 14\javafx-sdk-14.0.2.1\bin\api-ms-win-core-errorhandling-l1-1-0.dll
0x0000027d26dd0000 - 0x0000027d26dd4000 	C:\Users\jonat\OneDrive\Documents\Java Work\JavaFX 14\javafx-sdk-14.0.2.1\bin\api-ms-win-core-file-l1-1-0.dll
0x0000027d26de0000 - 0x0000027d26de3000 	C:\Users\jonat\OneDrive\Documents\Java Work\JavaFX 14\javafx-sdk-14.0.2.1\bin\api-ms-win-core-file-l1-2-0.dll
0x0000027d26df0000 - 0x0000027d26df3000 	C:\Users\jonat\OneDrive\Documents\Java Work\JavaFX 14\javafx-sdk-14.0.2.1\bin\api-ms-win-core-file-l2-1-0.dll
0x0000027d26e00000 - 0x0000027d26e03000 	C:\Users\jonat\OneDrive\Documents\Java Work\JavaFX 14\javafx-sdk-14.0.2.1\bin\api-ms-win-core-handle-l1-1-0.dll
0x0000027d26e10000 - 0x0000027d26e13000 	C:\Users\jonat\OneDrive\Documents\Java Work\JavaFX 14\javafx-sdk-14.0.2.1\bin\api-ms-win-core-heap-l1-1-0.dll
0x0000027d47600000 - 0x0000027d47603000 	C:\Users\jonat\OneDrive\Documents\Java Work\JavaFX 14\javafx-sdk-14.0.2.1\bin\api-ms-win-core-interlocked-l1-1-0.dll
0x0000027d47610000 - 0x0000027d47613000 	C:\Users\jonat\OneDrive\Documents\Java Work\JavaFX 14\javafx-sdk-14.0.2.1\bin\api-ms-win-core-libraryloader-l1-1-0.dll
0x0000027d47620000 - 0x0000027d47623000 	C:\Users\jonat\OneDrive\Documents\Java Work\JavaFX 14\javafx-sdk-14.0.2.1\bin\api-ms-win-core-localization-l1-2-0.dll
0x0000027d47630000 - 0x0000027d47633000 	C:\Users\jonat\OneDrive\Documents\Java Work\JavaFX 14\javafx-sdk-14.0.2.1\bin\api-ms-win-core-memory-l1-1-0.dll
0x0000027d47640000 - 0x0000027d47643000 	C:\Users\jonat\OneDrive\Documents\Java Work\JavaFX 14\javafx-sdk-14.0.2.1\bin\api-ms-win-core-namedpipe-l1-1-0.dll
0x0000027d47650000 - 0x0000027d47653000 	C:\Users\jonat\OneDrive\Documents\Java Work\JavaFX 14\javafx-sdk-14.0.2.1\bin\api-ms-win-core-processenvironment-l1-1-0.dll
0x0000027d47660000 - 0x0000027d47663000 	C:\Users\jonat\OneDrive\Documents\Java Work\JavaFX 14\javafx-sdk-14.0.2.1\bin\api-ms-win-core-processthreads-l1-1-0.dll
0x0000027d47670000 - 0x0000027d47673000 	C:\Users\jonat\OneDrive\Documents\Java Work\JavaFX 14\javafx-sdk-14.0.2.1\bin\api-ms-win-core-processthreads-l1-1-1.dll
0x0000027d47680000 - 0x0000027d47683000 	C:\Users\jonat\OneDrive\Documents\Java Work\JavaFX 14\javafx-sdk-14.0.2.1\bin\api-ms-win-core-profile-l1-1-0.dll
0x0000027d47690000 - 0x0000027d47693000 	C:\Users\jonat\OneDrive\Documents\Java Work\JavaFX 14\javafx-sdk-14.0.2.1\bin\api-ms-win-core-rtlsupport-l1-1-0.dll
0x0000027d476a0000 - 0x0000027d476a3000 	C:\Users\jonat\OneDrive\Documents\Java Work\JavaFX 14\javafx-sdk-14.0.2.1\bin\api-ms-win-core-string-l1-1-0.dll
0x0000027d476b0000 - 0x0000027d476b3000 	C:\Users\jonat\OneDrive\Documents\Java Work\JavaFX 14\javafx-sdk-14.0.2.1\bin\api-ms-win-core-synch-l1-1-0.dll
0x0000027d476c0000 - 0x0000027d476c3000 	C:\Users\jonat\OneDrive\Documents\Java Work\JavaFX 14\javafx-sdk-14.0.2.1\bin\api-ms-win-core-synch-l1-2-0.dll
0x0000027d476d0000 - 0x0000027d476d3000 	C:\Users\jonat\OneDrive\Documents\Java Work\JavaFX 14\javafx-sdk-14.0.2.1\bin\api-ms-win-core-sysinfo-l1-1-0.dll
0x0000027d476e0000 - 0x0000027d476e3000 	C:\Users\jonat\OneDrive\Documents\Java Work\JavaFX 14\javafx-sdk-14.0.2.1\bin\api-ms-win-core-timezone-l1-1-0.dll
0x0000027d476f0000 - 0x0000027d476f3000 	C:\Users\jonat\OneDrive\Documents\Java Work\JavaFX 14\javafx-sdk-14.0.2.1\bin\api-ms-win-core-util-l1-1-0.dll
0x0000027d47700000 - 0x0000027d47703000 	C:\Users\jonat\OneDrive\Documents\Java Work\JavaFX 14\javafx-sdk-14.0.2.1\bin\api-ms-win-crt-conio-l1-1-0.dll
0x0000027d47710000 - 0x0000027d47714000 	C:\Users\jonat\OneDrive\Documents\Java Work\JavaFX 14\javafx-sdk-14.0.2.1\bin\api-ms-win-crt-convert-l1-1-0.dll
0x0000027d47720000 - 0x0000027d47723000 	C:\Users\jonat\OneDrive\Documents\Java Work\JavaFX 14\javafx-sdk-14.0.2.1\bin\api-ms-win-crt-environment-l1-1-0.dll
0x0000027d47730000 - 0x0000027d47733000 	C:\Users\jonat\OneDrive\Documents\Java Work\JavaFX 14\javafx-sdk-14.0.2.1\bin\api-ms-win-crt-filesystem-l1-1-0.dll
0x0000027d47740000 - 0x0000027d47743000 	C:\Users\jonat\OneDrive\Documents\Java Work\JavaFX 14\javafx-sdk-14.0.2.1\bin\api-ms-win-crt-heap-l1-1-0.dll
0x0000027d47750000 - 0x0000027d47753000 	C:\Users\jonat\OneDrive\Documents\Java Work\JavaFX 14\javafx-sdk-14.0.2.1\bin\api-ms-win-crt-locale-l1-1-0.dll
0x0000027d47760000 - 0x0000027d47765000 	C:\Users\jonat\OneDrive\Documents\Java Work\JavaFX 14\javafx-sdk-14.0.2.1\bin\api-ms-win-crt-math-l1-1-0.dll
0x0000027d47770000 - 0x0000027d47775000 	C:\Users\jonat\OneDrive\Documents\Java Work\JavaFX 14\javafx-sdk-14.0.2.1\bin\api-ms-win-crt-multibyte-l1-1-0.dll
0x0000027d47780000 - 0x0000027d47790000 	C:\Users\jonat\OneDrive\Documents\Java Work\JavaFX 14\javafx-sdk-14.0.2.1\bin\api-ms-win-crt-private-l1-1-0.dll
0x0000027d47790000 - 0x0000027d47793000 	C:\Users\jonat\OneDrive\Documents\Java Work\JavaFX 14\javafx-sdk-14.0.2.1\bin\api-ms-win-crt-process-l1-1-0.dll
0x0000027d477a0000 - 0x0000027d477a4000 	C:\Users\jonat\OneDrive\Documents\Java Work\JavaFX 14\javafx-sdk-14.0.2.1\bin\api-ms-win-crt-runtime-l1-1-0.dll
0x0000027d477b0000 - 0x0000027d477b4000 	C:\Users\jonat\OneDrive\Documents\Java Work\JavaFX 14\javafx-sdk-14.0.2.1\bin\api-ms-win-crt-stdio-l1-1-0.dll
0x0000027d477c0000 - 0x0000027d477c4000 	C:\Users\jonat\OneDrive\Documents\Java Work\JavaFX 14\javafx-sdk-14.0.2.1\bin\api-ms-win-crt-string-l1-1-0.dll
0x0000027d477d0000 - 0x0000027d477d3000 	C:\Users\jonat\OneDrive\Documents\Java Work\JavaFX 14\javafx-sdk-14.0.2.1\bin\api-ms-win-crt-time-l1-1-0.dll
0x0000027d477e0000 - 0x0000027d477e3000 	C:\Users\jonat\OneDrive\Documents\Java Work\JavaFX 14\javafx-sdk-14.0.2.1\bin\api-ms-win-crt-utility-l1-1-0.dll
0x00007ffb40340000 - 0x00007ffb4043c000 	C:\Users\jonat\OneDrive\Documents\Java Work\JavaFX 14\javafx-sdk-14.0.2.1\bin\ucrtbase.dll
0x00007ffb607d0000 - 0x00007ffb607e5000 	C:\Users\jonat\OneDrive\Documents\Java Work\JavaFX 14\javafx-sdk-14.0.2.1\bin\vcruntime140.dll
0x00007ffb4acd0000 - 0x00007ffb4ad6b000 	C:\Users\jonat\OneDrive\Documents\Java Work\JavaFX 14\javafx-sdk-14.0.2.1\bin\msvcp140.dll
0x00007ffb60770000 - 0x00007ffb607c1000 	C:\Users\jonat\OneDrive\Documents\Java Work\JavaFX 14\javafx-sdk-14.0.2.1\bin\concrt140.dll
0x00007ffb5aac0000 - 0x00007ffb5aae3000 	C:\Users\jonat\OneDrive\Documents\Java Work\JavaFX 14\javafx-sdk-14.0.2.1\bin\prism_d3d.dll
0x00007ffb3f130000 - 0x00007ffb3f2f7000 	C:\WINDOWS\system32\d3d9.dll
0x00007ffb6e8d0000 - 0x00007ffb6e8fd000 	C:\WINDOWS\SYSTEM32\dwmapi.dll
0x00007ffb6f4e0000 - 0x00007ffb6f500000 	C:\WINDOWS\SYSTEM32\dxcore.dll
0x00007ffb6e350000 - 0x00007ffb6e3e9000 	C:\WINDOWS\system32\uxtheme.dll
0x00007ffb3b890000 - 0x00007ffb3b9f4000 	C:\WINDOWS\System32\DriverStore\FileRepository\iigd_dch.inf_amd64_87a05f372b04db63\igdumdim64.dll
0x00007ffb2cdd0000 - 0x00007ffb310eb000 	C:\WINDOWS\System32\DriverStore\FileRepository\iigd_dch.inf_amd64_87a05f372b04db63\igd9dxva64.dll
0x00007ffb72830000 - 0x00007ffb72987000 	C:\WINDOWS\System32\ole32.dll
0x00007ffb733a0000 - 0x00007ffb73465000 	C:\WINDOWS\System32\OLEAUT32.dll
0x00007ffb645b0000 - 0x00007ffb64754000 	C:\WINDOWS\System32\DriverStore\FileRepository\iigd_dch.inf_amd64_87a05f372b04db63\igdgmm64.dll
0x00007ffb4f580000 - 0x00007ffb4f5c5000 	C:\Users\jonat\OneDrive\Documents\Java Work\JavaFX 14\javafx-sdk-14.0.2.1\bin\glass.dll
0x00007ffb734e0000 - 0x00007ffb735b0000 	C:\WINDOWS\System32\COMDLG32.dll
0x00007ffb73760000 - 0x00007ffb73895000 	C:\WINDOWS\System32\MSCTF.dll
0x00007ffb592f0000 - 0x00007ffb59316000 	C:\WINDOWS\System32\DriverStore\FileRepository\iigd_dch.inf_amd64_87a05f372b04db63\igdinfo64.dll
0x00007ffb62160000 - 0x00007ffb645a9000 	C:\WINDOWS\System32\DriverStore\FileRepository\iigd_dch.inf_amd64_87a05f372b04db63\igc64.dll
0x00007ffb5cee0000 - 0x00007ffb5cef4000 	C:\Users\jonat\OneDrive\Documents\Java Work\JavaFX 14\javafx-sdk-14.0.2.1\bin\javafx_font.dll
0x00007ffb5fc40000 - 0x00007ffb5ff3e000 	C:\WINDOWS\SYSTEM32\dwrite.dll
0x00007ffb72c00000 - 0x00007ffb72ca2000 	C:\WINDOWS\System32\clbcatq.dll
0x00007ffb68e60000 - 0x00007ffb6900f000 	C:\WINDOWS\SYSTEM32\WindowsCodecs.dll
0x00007ffb55300000 - 0x00007ffb5533a000 	C:\WINDOWS\system32\dataexchange.dll
0x00007ffb6d020000 - 0x00007ffb6d1fd000 	C:\WINDOWS\system32\dcomp.dll
0x00007ffb6d770000 - 0x00007ffb6d9cb000 	C:\WINDOWS\system32\d3d11.dll
0x00007ffb6f570000 - 0x00007ffb6f65b000 	C:\WINDOWS\system32\dxgi.dll
0x00007ffb6e4b0000 - 0x00007ffb6e712000 	C:\WINDOWS\system32\twinapi.appcore.dll
0x00007ffb6e900000 - 0x00007ffb6e929000 	C:\WINDOWS\system32\RMCLIENT.dll
0x00007ffb4ac90000 - 0x00007ffb4acc3000 	C:\Program Files\Common Files\Microsoft Shared\Ink\rtscom.dll
0x00007ffb61a70000 - 0x00007ffb61b0e000 	C:\WINDOWS\System32\TextInputFramework.dll
0x00007ffb6a020000 - 0x00007ffb6a34a000 	C:\WINDOWS\System32\CoreUIComponents.dll
0x00007ffb6ce70000 - 0x00007ffb6cf44000 	C:\WINDOWS\System32\CoreMessaging.dll
0x00007ffb6fc60000 - 0x00007ffb6fc91000 	C:\WINDOWS\SYSTEM32\ntmarta.dll
0x00007ffb6d600000 - 0x00007ffb6d753000 	C:\WINDOWS\SYSTEM32\wintypes.dll
0x00007ffb551f0000 - 0x00007ffb55255000 	C:\WINDOWS\system32\Oleacc.dll

dbghelp: loaded successfully - version: 4.0.5 - missing functions: none
symbol engine: initialized successfully - sym options: 0x614 - pdb path: .;C:\Program Files\Java\jdk-11.0.2\bin;C:\WINDOWS\SYSTEM32;C:\WINDOWS\WinSxS\amd64_microsoft.windows.common-controls_6595b64144ccf1df_6.0.18362.1082_none_9e8193e1e45b25c1;C:\Program Files\Java\jdk-11.0.2\bin\server;C:\Users\jonat\OneDrive\Documents\Java Work\JavaFX 14\javafx-sdk-14.0.2.1\bin;C:\WINDOWS\System32\DriverStore\FileRepository\iigd_dch.inf_amd64_87a05f372b04db63;C:\Program Files\Common Files\Microsoft Shared\Ink

VM Arguments:
jvm_args: -Dfile.encoding=UTF-8 --add-modules=javafx.controls,javafx.fxml --module-path=C:\Users\jonat\OneDrive\Documents\Java Work\NetBeansProjects\HelloFX\build\classes;C:\Users\jonat\OneDrive\Documents\Java Work\JavaFX 14\javafx-sdk-14.0.2.1\lib\javafx-swt.jar;C:\Users\jonat\OneDrive\Documents\Java Work\JavaFX 14\javafx-sdk-14.0.2.1\lib\javafx.base.jar;C:\Users\jonat\OneDrive\Documents\Java Work\JavaFX 14\javafx-sdk-14.0.2.1\lib\javafx.controls.jar;C:\Users\jonat\OneDrive\Documents\Java Work\JavaFX 14\javafx-sdk-14.0.2.1\lib\javafx.fxml.jar;C:\Users\jonat\OneDrive\Documents\Java Work\JavaFX 14\javafx-sdk-14.0.2.1\lib\javafx.graphics.jar;C:\Users\jonat\OneDrive\Documents\Java Work\JavaFX 14\javafx-sdk-14.0.2.1\lib\javafx.media.jar;C:\Users\jonat\OneDrive\Documents\Java Work\JavaFX 14\javafx-sdk-14.0.2.1\lib\javafx.swing.jar;C:\Users\jonat\OneDrive\Documents\Java Work\JavaFX 14\javafx-sdk-14.0.2.1\lib\javafx.web.jar 
java_command: Alpha.JavaFXApplication
java_class_path (initial): C:\Users\jonat\OneDrive\Documents\Java Work\JavaFX 14\javafx-sdk-14.0.2.1\lib\javafx-swt.jar;C:\Users\jonat\OneDrive\Documents\Java Work\JavaFX 14\javafx-sdk-14.0.2.1\lib\javafx.base.jar;C:\Users\jonat\OneDrive\Documents\Java Work\JavaFX 14\javafx-sdk-14.0.2.1\lib\javafx.controls.jar;C:\Users\jonat\OneDrive\Documents\Java Work\JavaFX 14\javafx-sdk-14.0.2.1\lib\javafx.fxml.jar;C:\Users\jonat\OneDrive\Documents\Java Work\JavaFX 14\javafx-sdk-14.0.2.1\lib\javafx.graphics.jar;C:\Users\jonat\OneDrive\Documents\Java Work\JavaFX 14\javafx-sdk-14.0.2.1\lib\javafx.media.jar;C:\Users\jonat\OneDrive\Documents\Java Work\JavaFX 14\javafx-sdk-14.0.2.1\lib\javafx.swing.jar;C:\Users\jonat\OneDrive\Documents\Java Work\JavaFX 14\javafx-sdk-14.0.2.1\lib\javafx.web.jar;C:\Users\jonat\OneDrive\Documents\Java Work\NetBeansProjects\HelloFX\build\classes
Launcher Type: SUN_STANDARD

[Global flags]
     intx CICompilerCount                          = 3                                         {product} {ergonomic}
     uint ConcGCThreads                            = 1                                         {product} {ergonomic}
     uint G1ConcRefinementThreads                  = 4                                         {product} {ergonomic}
   size_t G1HeapRegionSize                         = 1048576                                   {product} {ergonomic}
    uintx GCDrainStackTargetSize                   = 64                                        {product} {ergonomic}
   size_t InitialHeapSize                          = 132120576                                 {product} {ergonomic}
   size_t MarkStackSize                            = 4194304                                   {product} {ergonomic}
   size_t MaxHeapSize                              = 2105540608                                {product} {ergonomic}
   size_t MaxNewSize                               = 1262485504                                {product} {ergonomic}
   size_t MinHeapDeltaBytes                        = 1048576                                   {product} {ergonomic}
    uintx NonNMethodCodeHeapSize                   = 5830092                                {pd product} {ergonomic}
    uintx NonProfiledCodeHeapSize                  = 122914074                              {pd product} {ergonomic}
    uintx ProfiledCodeHeapSize                     = 122914074                              {pd product} {ergonomic}
    uintx ReservedCodeCacheSize                    = 251658240                              {pd product} {ergonomic}
     bool SegmentedCodeCache                       = true                                      {product} {ergonomic}
     bool UseCompressedClassPointers               = true                                 {lp64_product} {ergonomic}
     bool UseCompressedOops                        = true                                 {lp64_product} {ergonomic}
     bool UseG1GC                                  = true                                      {product} {ergonomic}
     bool UseLargePagesIndividualAllocation        = false                                  {pd product} {ergonomic}

Logging:
Log output configuration:
 #0: stdout all=warning uptime,level,tags
 #1: stderr all=off uptime,level,tags

Environment Variables:
PATH=C:\Program Files (x86)\NVIDIA Corporation\PhysX\Common;C:\Program Files (x86)\Common Files\Oracle\Java\javapath;C:\WINDOWS\system32;C:\WINDOWS;C:\WINDOWS\System32\Wbem;C:\WINDOWS\System32\WindowsPowerShell\v1.0\;C:\WINDOWS\System32\OpenSSH\;C:\Program Files\Git\cmd;C:\Program Files (x86)\PuTTY\;C:\Program Files (x86)\Intel\Intel(R) Management Engine Components\DAL;C:\Program Files\Intel\Intel(R) Management Engine Components\DAL;C:\Users\jonat\AppData\Local\Microsoft\WindowsApps;
USERNAME=jonat
OS=Windows_NT
PROCESSOR_IDENTIFIER=Intel64 Family 6 Model 142 Stepping 10, GenuineIntel



---------------  S Y S T E M  ---------------

OS: Windows 10 , 64 bit Build 18362 (10.0.18362.1082)

CPU:total 4 (initial active 4) (2 cores per cpu, 2 threads per core) family 6 model 142 stepping 10, cmov, cx8, fxsr, mmx, sse, sse2, sse3, ssse3, sse4.1, sse4.2, popcnt, avx, avx2, aes, clmul, erms, 3dnowpref, lzcnt, ht, tsc, tscinvbit, bmi1, bmi2, adx, fma

Memory: 4k page, system-wide physical 8026M (2470M free)
TotalPageFile size 32602M (AvailPageFile size 7M)
current process WorkingSet (physical memory assigned to process): 217M, peak: 223M
current process commit charge ("private bytes"): 331M, peak: 334M

vm_info: Java HotSpot(TM) 64-Bit Server VM (11.0.2+7-LTS) for windows-amd64 JRE (11.0.2+7-LTS), built on Dec 12 2018 03:49:33 by "mach5one" with MS VC++ 15.5 (VS2017)

END.
