#
# There is insufficient memory for the Java Runtime Environment to continue.
# Native memory allocation (mmap) failed to map 132120576 bytes for Failed to commit area from 0x0000000082800000 to 0x000000008a600000 of length 132120576.
# Possible reasons:
#   The system is out of physical RAM or swap space
#   The process is running with CompressedOops enabled, and the Java Heap may be blocking the growth of the native heap
# Possible solutions:
#   Reduce memory load on the system
#   Increase physical memory or swap space
#   Check if swap backing store is full
#   Decrease Java heap size (-Xmx/-Xms)
#   Decrease number of Java threads
#   Decrease Java thread stack sizes (-Xss)
#   Set larger code cache with -XX:ReservedCodeCacheSize=
# This output file may be truncated or incomplete.
#
#  Out of Memory Error (t:/workspace/open/src/hotspot/os/windows/os_windows.cpp:3269), pid=3224, tid=2680
#
# JRE version:  (11.0.2+7) (build )
# Java VM: Java HotSpot(TM) 64-Bit Server VM (11.0.2+7-LTS, mixed mode, aot, sharing, tiered, compressed oops, g1 gc, windows-amd64)
# No core dump will be written. Minidumps are not enabled by default on client versions of Windows
#

---------------  S U M M A R Y ------------

Command Line: -Dfile.encoding=UTF-8 --add-modules=javafx.controls,javafx.fxml --module-path=C:\Users\jonat\OneDrive\Documents\Java Work\NetBeansProjects\HelloFX\build\classes;C:\Users\jonat\OneDrive\Documents\Java Work\JavaFX 14\javafx-sdk-14.0.2.1\lib\javafx-swt.jar;C:\Users\jonat\OneDrive\Documents\Java Work\JavaFX 14\javafx-sdk-14.0.2.1\lib\javafx.base.jar;C:\Users\jonat\OneDrive\Documents\Java Work\JavaFX 14\javafx-sdk-14.0.2.1\lib\javafx.controls.jar;C:\Users\jonat\OneDrive\Documents\Java Work\JavaFX 14\javafx-sdk-14.0.2.1\lib\javafx.fxml.jar;C:\Users\jonat\OneDrive\Documents\Java Work\JavaFX 14\javafx-sdk-14.0.2.1\lib\javafx.graphics.jar;C:\Users\jonat\OneDrive\Documents\Java Work\JavaFX 14\javafx-sdk-14.0.2.1\lib\javafx.media.jar;C:\Users\jonat\OneDrive\Documents\Java Work\JavaFX 14\javafx-sdk-14.0.2.1\lib\javafx.swing.jar;C:\Users\jonat\OneDrive\Documents\Java Work\JavaFX 14\javafx-sdk-14.0.2.1\lib\javafx.web.jar Alpha.JavaFXApplication

Host: Intel(R) Core(TM) i3-8130U CPU @ 2.20GHz, 4 cores, 7G,  Windows 10 , 64 bit Build 18362 (10.0.18362.1082)
Time: Thu Oct  8 20:43:51 2020 Pacific Daylight Time elapsed time: 0 seconds (0d 0h 0m 0s)

---------------  T H R E A D  ---------------

Current thread (0x00000257739a5000):  JavaThread "Unknown thread" [_thread_in_vm, id=2680, stack(0x0000006199100000,0x0000006199200000)]

Stack: [0x0000006199100000,0x0000006199200000]
Native frames: (J=compiled Java code, j=interpreted, Vv=VM code, C=native code)
V  [jvm.dll+0x63574a]
V  [jvm.dll+0x77326f]
V  [jvm.dll+0x77491a]
V  [jvm.dll+0x774fd3]
V  [jvm.dll+0x25e418]
V  [jvm.dll+0x632c0a]
V  [jvm.dll+0x627645]
V  [jvm.dll+0x314e7c]
V  [jvm.dll+0x314d02]
V  [jvm.dll+0x31a576]
V  [jvm.dll+0x36635f]
V  [jvm.dll+0x365d80]
V  [jvm.dll+0x2f19f8]
V  [jvm.dll+0x2f2b56]
V  [jvm.dll+0x74c817]
V  [jvm.dll+0x74df5f]
V  [jvm.dll+0x373179]
V  [jvm.dll+0x732eb9]
V  [jvm.dll+0x3e295d]
V  [jvm.dll+0x3e4c61]
C  [java.exe+0x3607]
C  [java.exe+0x178dc]
C  [KERNEL32.DLL+0x17bd4]
C  [ntdll.dll+0x6ce51]


---------------  P R O C E S S  ---------------

Threads class SMR info:
_java_thread_list=0x0000025771896660, length=0, elements={
}

Java Threads: ( => current thread )

Other Threads:
  0x00000257739bc800 GCTaskThread "GC Thread#0" [stack: 0x0000006199200000,0x0000006199300000] [id=16956]
  0x00000257739ec800 ConcurrentGCThread "G1 Main Marker" [stack: 0x0000006199300000,0x0000006199400000] [id=16792]
  0x00000257739ed800 ConcurrentGCThread "G1 Conc#0" [stack: 0x0000006199400000,0x0000006199500000] [id=19160]

[error occurred during error reporting (printing all threads), id 0xc0000005, EXCEPTION_ACCESS_VIOLATION (0xc0000005) at pc=0x00007ffb347e0197]

VM state:not at safepoint (not fully initialized)

VM Mutex/Monitor currently owned by a thread:  ([mutex/lock_event])
[0x00000257739a2e30] Heap_lock - owner thread: 0x00000257739a5000

Heap address: 0x0000000082800000, size: 2008 MB, Compressed Oops mode: Non-zero based: 0x0000000082800000
Narrow klass base: 0x0000000000000000, Narrow klass shift: 0

GC Heap History (0 events):
No events

Deoptimization events (0 events):
No events

Classes redefined (0 events):
No events

Internal exceptions (0 events):
No events

Events (0 events):
No events


Dynamic libraries:
0x00007ff7066e0000 - 0x00007ff706727000 	C:\Program Files\Java\jdk-11.0.2\bin\java.exe
0x00007ffb73d60000 - 0x00007ffb73f50000 	C:\WINDOWS\SYSTEM32\ntdll.dll
0x00007ffb72b40000 - 0x00007ffb72bf2000 	C:\WINDOWS\System32\KERNEL32.DLL
0x00007ffb711b0000 - 0x00007ffb71455000 	C:\WINDOWS\System32\KERNELBASE.dll
0x00007ffb73ad0000 - 0x00007ffb73b73000 	C:\WINDOWS\System32\ADVAPI32.dll
0x00007ffb721e0000 - 0x00007ffb7227e000 	C:\WINDOWS\System32\msvcrt.dll
0x00007ffb72750000 - 0x00007ffb727e7000 	C:\WINDOWS\System32\sechost.dll
0x00007ffb73640000 - 0x00007ffb73760000 	C:\WINDOWS\System32\RPCRT4.dll
0x00007ffb738a0000 - 0x00007ffb73a35000 	C:\WINDOWS\System32\USER32.dll
0x00007ffb71180000 - 0x00007ffb711a1000 	C:\WINDOWS\System32\win32u.dll
0x00007ffb73a40000 - 0x00007ffb73a66000 	C:\WINDOWS\System32\GDI32.dll
0x00007ffb70e10000 - 0x00007ffb70fa6000 	C:\WINDOWS\System32\gdi32full.dll
0x00007ffb70cf0000 - 0x00007ffb70d8e000 	C:\WINDOWS\System32\msvcp_win.dll
0x00007ffb71460000 - 0x00007ffb7155a000 	C:\WINDOWS\System32\ucrtbase.dll
0x00007ffb59650000 - 0x00007ffb598d4000 	C:\WINDOWS\WinSxS\amd64_microsoft.windows.common-controls_6595b64144ccf1df_6.0.18362.1082_none_9e8193e1e45b25c1\COMCTL32.dll
0x00007ffb71e10000 - 0x00007ffb72145000 	C:\WINDOWS\System32\combase.dll
0x00007ffb6e1f0000 - 0x00007ffb6e1fa000 	C:\WINDOWS\SYSTEM32\VERSION.dll
0x00007ffb70d90000 - 0x00007ffb70e10000 	C:\WINDOWS\System32\bcryptPrimitives.dll
0x00007ffb727f0000 - 0x00007ffb7281e000 	C:\WINDOWS\System32\IMM32.DLL
0x00007ffb65e10000 - 0x00007ffb65e26000 	C:\Program Files\Java\jdk-11.0.2\bin\vcruntime140.dll
0x00007ffb40660000 - 0x00007ffb4070a000 	C:\Program Files\Java\jdk-11.0.2\bin\msvcp140.dll
0x00007ffb344e0000 - 0x00007ffb35007000 	C:\Program Files\Java\jdk-11.0.2\bin\server\jvm.dll
0x00007ffb73d10000 - 0x00007ffb73d18000 	C:\WINDOWS\System32\PSAPI.DLL
0x00007ffb6bee0000 - 0x00007ffb6bee9000 	C:\WINDOWS\SYSTEM32\WSOCK32.dll
0x00007ffb6d2c0000 - 0x00007ffb6d2e4000 	C:\WINDOWS\SYSTEM32\WINMM.dll
0x00007ffb73470000 - 0x00007ffb734df000 	C:\WINDOWS\System32\WS2_32.dll
0x00007ffb6ca60000 - 0x00007ffb6ca8d000 	C:\WINDOWS\SYSTEM32\winmmbase.dll
0x00007ffb71590000 - 0x00007ffb715da000 	C:\WINDOWS\System32\cfgmgr32.dll
0x00007ffb70ca0000 - 0x00007ffb70cb1000 	C:\WINDOWS\System32\kernel.appcore.dll
0x00007ffb619d0000 - 0x00007ffb619e1000 	C:\Program Files\Java\jdk-11.0.2\bin\verify.dll
0x00007ffb6f890000 - 0x00007ffb6fa84000 	C:\WINDOWS\SYSTEM32\DBGHELP.DLL
0x00007ffb5ecf0000 - 0x00007ffb5ed1a000 	C:\WINDOWS\SYSTEM32\dbgcore.DLL
0x00007ffb61070000 - 0x00007ffb61099000 	C:\Program Files\Java\jdk-11.0.2\bin\java.dll
0x00007ffb60f60000 - 0x00007ffb60f76000 	C:\Program Files\Java\jdk-11.0.2\bin\zip.dll
0x00007ffb6e0d0000 - 0x00007ffb6e0da000 	C:\Program Files\Java\jdk-11.0.2\bin\jimage.dll

dbghelp: loaded successfully - version: 4.0.5 - missing functions: none
symbol engine: initialized successfully - sym options: 0x614 - pdb path: .;C:\Program Files\Java\jdk-11.0.2\bin;C:\WINDOWS\SYSTEM32;C:\WINDOWS\WinSxS\amd64_microsoft.windows.common-controls_6595b64144ccf1df_6.0.18362.1082_none_9e8193e1e45b25c1;C:\Program Files\Java\jdk-11.0.2\bin\server

VM Arguments:
jvm_args: -Dfile.encoding=UTF-8 --add-modules=javafx.controls,javafx.fxml --module-path=C:\Users\jonat\OneDrive\Documents\Java Work\NetBeansProjects\HelloFX\build\classes;C:\Users\jonat\OneDrive\Documents\Java Work\JavaFX 14\javafx-sdk-14.0.2.1\lib\javafx-swt.jar;C:\Users\jonat\OneDrive\Documents\Java Work\JavaFX 14\javafx-sdk-14.0.2.1\lib\javafx.base.jar;C:\Users\jonat\OneDrive\Documents\Java Work\JavaFX 14\javafx-sdk-14.0.2.1\lib\javafx.controls.jar;C:\Users\jonat\OneDrive\Documents\Java Work\JavaFX 14\javafx-sdk-14.0.2.1\lib\javafx.fxml.jar;C:\Users\jonat\OneDrive\Documents\Java Work\JavaFX 14\javafx-sdk-14.0.2.1\lib\javafx.graphics.jar;C:\Users\jonat\OneDrive\Documents\Java Work\JavaFX 14\javafx-sdk-14.0.2.1\lib\javafx.media.jar;C:\Users\jonat\OneDrive\Documents\Java Work\JavaFX 14\javafx-sdk-14.0.2.1\lib\javafx.swing.jar;C:\Users\jonat\OneDrive\Documents\Java Work\JavaFX 14\javafx-sdk-14.0.2.1\lib\javafx.web.jar 
java_command: Alpha.JavaFXApplication
java_class_path (initial): C:\Users\jonat\OneDrive\Documents\Java Work\JavaFX 14\javafx-sdk-14.0.2.1\lib\javafx-swt.jar;C:\Users\jonat\OneDrive\Documents\Java Work\JavaFX 14\javafx-sdk-14.0.2.1\lib\javafx.base.jar;C:\Users\jonat\OneDrive\Documents\Java Work\JavaFX 14\javafx-sdk-14.0.2.1\lib\javafx.controls.jar;C:\Users\jonat\OneDrive\Documents\Java Work\JavaFX 14\javafx-sdk-14.0.2.1\lib\javafx.fxml.jar;C:\Users\jonat\OneDrive\Documents\Java Work\JavaFX 14\javafx-sdk-14.0.2.1\lib\javafx.graphics.jar;C:\Users\jonat\OneDrive\Documents\Java Work\JavaFX 14\javafx-sdk-14.0.2.1\lib\javafx.media.jar;C:\Users\jonat\OneDrive\Documents\Java Work\JavaFX 14\javafx-sdk-14.0.2.1\lib\javafx.swing.jar;C:\Users\jonat\OneDrive\Documents\Java Work\JavaFX 14\javafx-sdk-14.0.2.1\lib\javafx.web.jar;C:\Users\jonat\OneDrive\Documents\Java Work\NetBeansProjects\HelloFX\build\classes
Launcher Type: SUN_STANDARD

[Global flags]
     intx CICompilerCount                          = 3                                         {product} {ergonomic}
     uint ConcGCThreads                            = 1                                         {product} {ergonomic}
     uint G1ConcRefinementThreads                  = 4                                         {product} {ergonomic}
   size_t G1HeapRegionSize                         = 1048576                                   {product} {ergonomic}
    uintx GCDrainStackTargetSize                   = 64                                        {product} {ergonomic}
   size_t InitialHeapSize                          = 132120576                                 {product} {ergonomic}
   size_t MarkStackSize                            = 4194304                                   {product} {ergonomic}
   size_t MaxHeapSize                              = 2105540608                                {product} {ergonomic}
   size_t MinHeapDeltaBytes                        = 1048576                                   {product} {ergonomic}
    uintx NonNMethodCodeHeapSize                   = 5830092                                {pd product} {ergonomic}
    uintx NonProfiledCodeHeapSize                  = 122914074                              {pd product} {ergonomic}
    uintx ProfiledCodeHeapSize                     = 122914074                              {pd product} {ergonomic}
    uintx ReservedCodeCacheSize                    = 251658240                              {pd product} {ergonomic}
     bool SegmentedCodeCache                       = true                                      {product} {ergonomic}
     bool UseCompressedClassPointers               = true                                 {lp64_product} {ergonomic}
     bool UseCompressedOops                        = true                                 {lp64_product} {ergonomic}
     bool UseG1GC                                  = true                                      {product} {ergonomic}
     bool UseLargePagesIndividualAllocation        = false                                  {pd product} {ergonomic}

Logging:
Log output configuration:
 #0: stdout all=warning uptime,level,tags
 #1: stderr all=off uptime,level,tags

Environment Variables:
PATH=C:\Program Files (x86)\NVIDIA Corporation\PhysX\Common;C:\Program Files (x86)\Common Files\Oracle\Java\javapath;C:\WINDOWS\system32;C:\WINDOWS;C:\WINDOWS\System32\Wbem;C:\WINDOWS\System32\WindowsPowerShell\v1.0\;C:\WINDOWS\System32\OpenSSH\;C:\Program Files\Git\cmd;C:\Program Files (x86)\PuTTY\;C:\Program Files (x86)\Intel\Intel(R) Management Engine Components\DAL;C:\Program Files\Intel\Intel(R) Management Engine Components\DAL;C:\Users\jonat\AppData\Local\Microsoft\WindowsApps;
USERNAME=jonat
OS=Windows_NT
PROCESSOR_IDENTIFIER=Intel64 Family 6 Model 142 Stepping 10, GenuineIntel



---------------  S Y S T E M  ---------------

OS: Windows 10 , 64 bit Build 18362 (10.0.18362.1082)

CPU:total 4 (initial active 4) (2 cores per cpu, 2 threads per core) family 6 model 142 stepping 10, cmov, cx8, fxsr, mmx, sse, sse2, sse3, ssse3, sse4.1, sse4.2, popcnt, avx, avx2, aes, clmul, erms, 3dnowpref, lzcnt, ht, tsc, tscinvbit, bmi1, bmi2, adx, fma

Memory: 4k page, system-wide physical 8026M (2733M free)
TotalPageFile size 32602M (AvailPageFile size 124M)
current process WorkingSet (physical memory assigned to process): 9M, peak: 9M
current process commit charge ("private bytes"): 51M, peak: 177M

vm_info: Java HotSpot(TM) 64-Bit Server VM (11.0.2+7-LTS) for windows-amd64 JRE (11.0.2+7-LTS), built on Dec 12 2018 03:49:33 by "mach5one" with MS VC++ 15.5 (VS2017)

END.
